2023-09-19 12:48:18.301  INFO 7824 --- [restartedMain] c.buskingland.Buskingworld1Application   : Starting Buskingworld1Application using Java 17.0.7 with PID 7824 (C:\Users\dlcjs\OneDrive\바탕 화면\workspace\buskingworld-s3test\bin\main started by dlcjs in C:\Users\dlcjs\OneDrive\바탕 화면\workspace\buskingworld-s3test)
2023-09-19 12:48:18.306  INFO 7824 --- [restartedMain] c.buskingland.Buskingworld1Application   : No active profile set, falling back to 1 default profile: "default"
2023-09-19 12:48:18.362  INFO 7824 --- [restartedMain] .e.DevToolsPropertyDefaultsPostProcessor : Devtools property defaults active! Set 'spring.devtools.add-properties' to 'false' to disable
2023-09-19 12:48:18.362  INFO 7824 --- [restartedMain] .e.DevToolsPropertyDefaultsPostProcessor : For additional web related logging consider setting the 'logging.level.web' property to 'DEBUG'
2023-09-19 12:48:18.997  INFO 7824 --- [restartedMain] .s.d.r.c.RepositoryConfigurationDelegate : Bootstrapping Spring Data JPA repositories in DEFAULT mode.
2023-09-19 12:48:19.076  INFO 7824 --- [restartedMain] .s.d.r.c.RepositoryConfigurationDelegate : Finished Spring Data repository scanning in 68 ms. Found 8 JPA repository interfaces.
2023-09-19 12:48:19.713  INFO 7824 --- [restartedMain] o.s.b.w.embedded.tomcat.TomcatWebServer  : Tomcat initialized with port(s): 8080 (http)
2023-09-19 12:48:19.724  INFO 7824 --- [restartedMain] o.apache.catalina.core.StandardService   : Starting service [Tomcat]
2023-09-19 12:48:19.724  INFO 7824 --- [restartedMain] o.apache.catalina.core.StandardEngine    : Starting Servlet engine: [Apache Tomcat/10.1.12]
2023-09-19 12:48:19.791  INFO 7824 --- [restartedMain] o.a.c.c.C.[Tomcat].[localhost].[/]       : Initializing Spring embedded WebApplicationContext
2023-09-19 12:48:19.792  INFO 7824 --- [restartedMain] w.s.c.ServletWebServerApplicationContext : Root WebApplicationContext: initialization completed in 1429 ms
2023-09-19 12:48:19.825  INFO 7824 --- [restartedMain] com.zaxxer.hikari.HikariDataSource       : HikariPool-1 - Starting...
2023-09-19 12:48:20.098  INFO 7824 --- [restartedMain] com.zaxxer.hikari.pool.HikariPool        : HikariPool-1 - Added connection conn0: url=jdbc:h2:~/local user=SA
2023-09-19 12:48:20.100  INFO 7824 --- [restartedMain] com.zaxxer.hikari.HikariDataSource       : HikariPool-1 - Start completed.
2023-09-19 12:48:20.110  INFO 7824 --- [restartedMain] o.s.b.a.h2.H2ConsoleAutoConfiguration    : H2 console available at '/h2-console'. Database available at 'jdbc:h2:~/local'
2023-09-19 12:48:20.234  INFO 7824 --- [restartedMain] o.hibernate.jpa.internal.util.LogHelper  : HHH000204: Processing PersistenceUnitInfo [name: default]
2023-09-19 12:48:20.287  INFO 7824 --- [restartedMain] org.hibernate.Version                    : HHH000412: Hibernate ORM core version 6.2.7.Final
2023-09-19 12:48:20.289  INFO 7824 --- [restartedMain] org.hibernate.cfg.Environment            : HHH000406: Using bytecode reflection optimizer
2023-09-19 12:48:20.416  INFO 7824 --- [restartedMain] o.h.b.i.BytecodeProviderInitiator        : HHH000021: Bytecode provider name : bytebuddy
2023-09-19 12:48:20.589  INFO 7824 --- [restartedMain] o.s.o.j.p.SpringPersistenceUnitInfo      : No LoadTimeWeaver setup: ignoring JPA class transformer
2023-09-19 12:48:20.848  INFO 7824 --- [restartedMain] o.h.b.i.BytecodeProviderInitiator        : HHH000021: Bytecode provider name : bytebuddy
2023-09-19 12:48:21.506  INFO 7824 --- [restartedMain] o.h.e.t.j.p.i.JtaPlatformInitiator       : HHH000490: Using JtaPlatform implementation: [org.hibernate.engine.transaction.jta.platform.internal.NoJtaPlatform]
2023-09-19 12:48:21.557  INFO 7824 --- [restartedMain] j.LocalContainerEntityManagerFactoryBean : Initialized JPA EntityManagerFactory for persistence unit 'default'
2023-09-19 12:48:22.232  WARN 7824 --- [restartedMain] ocalVariableTableParameterNameDiscoverer : Using deprecated '-debug' fallback for parameter name resolution. Compile the affected code with '-parameters' instead or avoid its introspection: com.buskingland.jwt.UserRepository
2023-09-19 12:48:22.338  WARN 7824 --- [restartedMain] ocalVariableTableParameterNameDiscoverer : Using deprecated '-debug' fallback for parameter name resolution. Compile the affected code with '-parameters' instead or avoid its introspection: com.buskingland.mainpicture.MainPictureRepository
2023-09-19 12:48:22.382  WARN 7824 --- [restartedMain] ocalVariableTableParameterNameDiscoverer : Using deprecated '-debug' fallback for parameter name resolution. Compile the affected code with '-parameters' instead or avoid its introspection: com.buskingland.subpicture.SubPictureRepository
2023-09-19 12:48:22.415  WARN 7824 --- [restartedMain] ocalVariableTableParameterNameDiscoverer : Using deprecated '-debug' fallback for parameter name resolution. Compile the affected code with '-parameters' instead or avoid its introspection: com.buskingland.video.VideoRepository
2023-09-19 12:48:22.442  WARN 7824 --- [restartedMain] JpaBaseConfiguration$JpaWebConfiguration : spring.jpa.open-in-view is enabled by default. Therefore, database queries may be performed during view rendering. Explicitly configure spring.jpa.open-in-view to disable this warning
2023-09-19 12:48:22.672  INFO 7824 --- [restartedMain] o.s.s.web.DefaultSecurityFilterChain     : Will secure any request with [org.springframework.security.web.session.DisableEncodeUrlFilter@5e8e715b, org.springframework.security.web.context.request.async.WebAsyncManagerIntegrationFilter@5d92f334, org.springframework.security.web.context.SecurityContextHolderFilter@17bc7c07, org.springframework.security.web.header.HeaderWriterFilter@6f98f06a, org.springframework.web.filter.CorsFilter@5664f3c9, org.springframework.security.web.authentication.logout.LogoutFilter@1b9c4cec, com.buskingland.jwt.JwtFilter@7b9f0950, org.springframework.security.web.savedrequest.RequestCacheAwareFilter@414fe78a, org.springframework.security.web.servletapi.SecurityContextHolderAwareRequestFilter@6b9061f5, org.springframework.security.web.authentication.AnonymousAuthenticationFilter@56b6bbd1, org.springframework.security.web.session.SessionManagementFilter@36a59d63, org.springframework.security.web.access.ExceptionTranslationFilter@1ab338ce, org.springframework.security.web.access.intercept.AuthorizationFilter@7a201eb2]
2023-09-19 12:48:22.908  INFO 7824 --- [restartedMain] o.s.b.d.a.OptionalLiveReloadServer       : LiveReload server is running on port 35729
2023-09-19 12:48:22.946  INFO 7824 --- [restartedMain] o.s.b.w.embedded.tomcat.TomcatWebServer  : Tomcat started on port(s): 8080 (http) with context path ''
2023-09-19 12:48:22.957  INFO 7824 --- [restartedMain] c.buskingland.Buskingworld1Application   : Started Buskingworld1Application in 5.004 seconds (process running for 5.795)
2023-09-19 12:48:40.755  INFO 7824 --- [RMI TCP Connection(2)-127.0.0.1] inMXBeanRegistrar$SpringApplicationAdmin : Application shutdown requested.
2023-09-19 12:48:40.770  INFO 7824 --- [RMI TCP Connection(2)-127.0.0.1] o.apache.catalina.core.StandardService   : Stopping service [Tomcat]
2023-09-19 12:48:40.788  INFO 7824 --- [RMI TCP Connection(2)-127.0.0.1] j.LocalContainerEntityManagerFactoryBean : Closing JPA EntityManagerFactory for persistence unit 'default'
2023-09-19 12:48:40.789  INFO 7824 --- [RMI TCP Connection(2)-127.0.0.1] com.zaxxer.hikari.HikariDataSource       : HikariPool-1 - Shutdown initiated...
2023-09-19 12:48:40.791  INFO 7824 --- [RMI TCP Connection(2)-127.0.0.1] com.zaxxer.hikari.HikariDataSource       : HikariPool-1 - Shutdown completed.
